<?xml version="1.0" encoding="UTF-8"?>
<testng-results retried="2" ignored="2" total="8" passed="3" failed="1" skipped="0">
  <reporter-output>
  </reporter-output>
  <suite started-at="2025-09-13T13:00:55 IST" name="Automation Practice Test Suite" finished-at="2025-09-13T13:04:00 IST" duration-ms="184989">
    <groups>
      <group name="sanity">
        <method signature="InvalidLoginTest.loginInvalid()[pri:0, instance:ui.tests.ecommerce.InvalidLoginTest@768fc0f2]" name="loginInvalid" class="ui.tests.ecommerce.InvalidLoginTest"/>
        <method signature="LoginTest.login(ui.pojo.ecommerce.User)[pri:0, instance:ui.tests.ecommerce.LoginTest@14f9390f]" name="login" class="ui.tests.ecommerce.LoginTest"/>
        <method signature="ProductSearchTest.searchElementTest()[pri:0, instance:ui.tests.ecommerce.ProductSearchTest@20c0a64d]" name="searchElementTest" class="ui.tests.ecommerce.ProductSearchTest"/>
      </group> <!-- sanity -->
      <group name="e2e">
        <method signature="InvalidLoginTest.loginInvalid()[pri:0, instance:ui.tests.ecommerce.InvalidLoginTest@768fc0f2]" name="loginInvalid" class="ui.tests.ecommerce.InvalidLoginTest"/>
        <method signature="LoginTest.login(ui.pojo.ecommerce.User)[pri:0, instance:ui.tests.ecommerce.LoginTest@14f9390f]" name="login" class="ui.tests.ecommerce.LoginTest"/>
        <method signature="ProductSearchTest.searchElementTest()[pri:0, instance:ui.tests.ecommerce.ProductSearchTest@20c0a64d]" name="searchElementTest" class="ui.tests.ecommerce.ProductSearchTest"/>
      </group> <!-- e2e -->
    </groups>
    <test started-at="2025-09-13T13:00:55 IST" name="UI Automation Test Ecommerce" finished-at="2025-09-13T13:04:00 IST" duration-ms="184989">
      <class name="ui.tests.ecommerce.InvalidLoginTest">
        <test-method is-config="true" signature="setup(java.lang.String,boolean,boolean,org.testng.ITestResult)[pri:0, instance:ui.tests.ecommerce.InvalidLoginTest@768fc0f2]" started-at="2025-09-13T13:00:56 IST" name="setup" finished-at="2025-09-13T13:01:54 IST" duration-ms="57838" status="PASS">
          <params>
            <param index="0">
              <value>
                <![CDATA[chrome]]>
              </value>
            </param>
            <param index="1">
              <value>
                <![CDATA[true]]>
              </value>
            </param>
            <param index="2">
              <value>
                <![CDATA[false]]>
              </value>
            </param>
            <param index="3">
              <value>
                <![CDATA[[TestResult name={null} status=CREATED method=InvalidLoginTest.loginInvalid()[pri:0, instance:ui.tests.ecommerce.InvalidLoginTest@768fc0f2] output={null}]]]>
              </value>
            </param>
          </params>
          <reporter-output>
          </reporter-output>
        </test-method> <!-- setup -->
        <test-method signature="loginInvalid()[pri:0, instance:ui.tests.ecommerce.InvalidLoginTest@768fc0f2]" started-at="2025-09-13T13:01:54 IST" name="loginInvalid" description="verify proper error message is shown if user enters invalid creds" finished-at="2025-09-13T13:01:58 IST" duration-ms="4203" status="PASS">
          <reporter-output>
          </reporter-output>
        </test-method> <!-- loginInvalid -->
        <test-method is-config="true" signature="tearDown()[pri:0, instance:ui.tests.ecommerce.InvalidLoginTest@768fc0f2]" started-at="2025-09-13T13:01:58 IST" name="tearDown" description="Tear Down the browser" finished-at="2025-09-13T13:01:59 IST" duration-ms="808" status="PASS">
          <reporter-output>
          </reporter-output>
        </test-method> <!-- tearDown -->
      </class> <!-- ui.tests.ecommerce.InvalidLoginTest -->
      <class name="ui.tests.ecommerce.ProductSearchTest">
        <test-method is-config="true" signature="setup(java.lang.String,boolean,boolean,org.testng.ITestResult)[pri:0, instance:ui.tests.ecommerce.ProductSearchTest@20c0a64d]" started-at="2025-09-13T13:00:56 IST" name="setup" finished-at="2025-09-13T13:02:48 IST" duration-ms="112309" status="PASS">
          <params>
            <param index="0">
              <value>
                <![CDATA[chrome]]>
              </value>
            </param>
            <param index="1">
              <value>
                <![CDATA[true]]>
              </value>
            </param>
            <param index="2">
              <value>
                <![CDATA[false]]>
              </value>
            </param>
            <param index="3">
              <value>
                <![CDATA[[TestResult name={null} status=CREATED method=ProductSearchTest.searchElementTest()[pri:0, instance:ui.tests.ecommerce.ProductSearchTest@20c0a64d] output={null}]]]>
              </value>
            </param>
          </params>
          <reporter-output>
          </reporter-output>
        </test-method> <!-- setup -->
        <test-method is-config="true" signature="setup()[pri:0, instance:ui.tests.ecommerce.ProductSearchTest@20c0a64d]" started-at="2025-09-13T13:02:48 IST" name="setup" description="Valid user logs into the application" finished-at="2025-09-13T13:02:53 IST" duration-ms="4937" status="PASS">
          <reporter-output>
          </reporter-output>
        </test-method> <!-- setup -->
        <test-method signature="searchElementTest()[pri:0, instance:ui.tests.ecommerce.ProductSearchTest@20c0a64d]" started-at="2025-09-13T13:02:53 IST" name="searchElementTest" description="Verify if user is able to search products and correct serach results are displayed" finished-at="2025-09-13T13:02:56 IST" duration-ms="2826" status="PASS">
          <reporter-output>
          </reporter-output>
        </test-method> <!-- searchElementTest -->
        <test-method is-config="true" signature="tearDown()[pri:0, instance:ui.tests.ecommerce.ProductSearchTest@20c0a64d]" started-at="2025-09-13T13:02:56 IST" name="tearDown" description="Tear Down the browser" finished-at="2025-09-13T13:02:57 IST" duration-ms="724" status="PASS">
          <reporter-output>
          </reporter-output>
        </test-method> <!-- tearDown -->
      </class> <!-- ui.tests.ecommerce.ProductSearchTest -->
      <class name="ui.tests.ecommerce.LoginTest">
        <test-method is-config="true" signature="setup(java.lang.String,boolean,boolean,org.testng.ITestResult)[pri:0, instance:ui.tests.ecommerce.LoginTest@14f9390f]" started-at="2025-09-13T13:00:56 IST" name="setup" finished-at="2025-09-13T13:01:42 IST" duration-ms="46317" status="PASS">
          <params>
            <param index="0">
              <value>
                <![CDATA[chrome]]>
              </value>
            </param>
            <param index="1">
              <value>
                <![CDATA[true]]>
              </value>
            </param>
            <param index="2">
              <value>
                <![CDATA[false]]>
              </value>
            </param>
            <param index="3">
              <value>
                <![CDATA[[TestResult name={null} status=CREATED method=LoginTest.login(ui.pojo.ecommerce.User)[pri:0, instance:ui.tests.ecommerce.LoginTest@14f9390f] output={null}]]]>
              </value>
            </param>
          </params>
          <reporter-output>
          </reporter-output>
        </test-method> <!-- setup -->
        <test-method retried="true" signature="login(ui.pojo.ecommerce.User)[pri:0, instance:ui.tests.ecommerce.LoginTest@14f9390f]" started-at="2025-09-13T13:01:42 IST" name="login" description="verfify login of users" data-provider="LoginTestDataProvider" finished-at="2025-09-13T13:02:13 IST" duration-ms="30432" status="SKIP">
          <params>
            <param index="0">
              <value>
                <![CDATA[User [emailAddress=gojat62999@cronack.com, password=passpgpass]]]>
              </value>
            </param>
          </params>
          <exception class="org.openqa.selenium.TimeoutException">
            <message>
              <![CDATA[Expected condition failed: waiting for element to be clickable: By.xpath: //a[contains(text(),"Sign")] (tried for 30 second(s) with 500 milliseconds interval)
Build info: version: '4.25.0', revision: '8a8aea2337'
System info: os.name: 'Windows 10', os.arch: 'amd64', os.version: '10.0', java.version: '18.0.2'
Driver info: org.openqa.selenium.remote.RemoteWebDriver
Capabilities {acceptInsecureCerts: false, browserName: chrome, browserVersion: 127.0.6533.73, chrome: {chromedriverVersion: 127.0.6533.119 (bdef6783a05..., userDataDir: C:\Program Files (x86)\scop...}, fedcm:accounts: true, goog:chromeOptions: {debuggerAddress: localhost:9225}, networkConnectionEnabled: false, pageLoadStrategy: normal, platformName: Windows XP, proxy: Proxy(), se:bidiEnabled: false, se:cdp: wss://cdp-mumbai.lambdatest..., se:cdpVersion: 127.0.6533.73, setWindowRect: true, strictFileInteractability: false, timeouts: {implicit: 0, pageLoad: 300000, script: 30000}, unhandledPromptBehavior: dismiss and notify, webauthn:extension:credBlob: true, webauthn:extension:largeBlob: true, webauthn:extension:minPinLength: true, webauthn:extension:prf: true, webauthn:virtualAuthenticators: true}
Session ID: 97c26335d77bdee40d7dac96ed2b9e67]]>
            </message>
            <full-stacktrace>
              <![CDATA[org.openqa.selenium.TimeoutException: Expected condition failed: waiting for element to be clickable: By.xpath: //a[contains(text(),"Sign")] (tried for 30 second(s) with 500 milliseconds interval)
Build info: version: '4.25.0', revision: '8a8aea2337'
System info: os.name: 'Windows 10', os.arch: 'amd64', os.version: '10.0', java.version: '18.0.2'
Driver info: org.openqa.selenium.remote.RemoteWebDriver
Capabilities {acceptInsecureCerts: false, browserName: chrome, browserVersion: 127.0.6533.73, chrome: {chromedriverVersion: 127.0.6533.119 (bdef6783a05..., userDataDir: C:\Program Files (x86)\scop...}, fedcm:accounts: true, goog:chromeOptions: {debuggerAddress: localhost:9225}, networkConnectionEnabled: false, pageLoadStrategy: normal, platformName: Windows XP, proxy: Proxy(), se:bidiEnabled: false, se:cdp: wss://cdp-mumbai.lambdatest..., se:cdpVersion: 127.0.6533.73, setWindowRect: true, strictFileInteractability: false, timeouts: {implicit: 0, pageLoad: 300000, script: 30000}, unhandledPromptBehavior: dismiss and notify, webauthn:extension:credBlob: true, webauthn:extension:largeBlob: true, webauthn:extension:minPinLength: true, webauthn:extension:prf: true, webauthn:virtualAuthenticators: true}
Session ID: 97c26335d77bdee40d7dac96ed2b9e67
at org.openqa.selenium.support.ui.WebDriverWait.timeoutException(WebDriverWait.java:84)
at org.openqa.selenium.support.ui.FluentWait.until(FluentWait.java:228)
at utility.BrowserUtility.clickOn(BrowserUtility.java:86)
at ui.pages.ecommerce.HomePage.goToLoginPage(HomePage.java:33)
at ui.tests.ecommerce.LoginTest.login(LoginTest.java:15)
at java.base/jdk.internal.reflect.DirectMethodHandleAccessor.invoke(DirectMethodHandleAccessor.java:104)
at java.base/java.lang.reflect.Method.invoke(Method.java:577)
at org.testng.internal.invokers.MethodInvocationHelper.invokeMethod(MethodInvocationHelper.java:141)
at org.testng.internal.invokers.TestInvoker.invokeMethod(TestInvoker.java:686)
at org.testng.internal.invokers.TestInvoker.invokeTestMethod(TestInvoker.java:230)
at org.testng.internal.invokers.MethodRunner.runInSequence(MethodRunner.java:63)
at org.testng.internal.invokers.TestInvoker$MethodInvocationAgent.invoke(TestInvoker.java:992)
at org.testng.internal.invokers.TestInvoker.invokeTestMethods(TestInvoker.java:203)
at org.testng.internal.invokers.TestMethodWorker.invokeTestMethods(TestMethodWorker.java:154)
at org.testng.internal.invokers.TestMethodWorker.run(TestMethodWorker.java:134)
at java.base/java.util.concurrent.Executors$RunnableAdapter.call(Executors.java:539)
at java.base/java.util.concurrent.FutureTask.run(FutureTask.java:264)
at org.testng.internal.thread.graph.TestNGFutureTask.run(TestNGFutureTask.java:22)
at java.base/java.util.concurrent.ThreadPoolExecutor.runWorker(ThreadPoolExecutor.java:1136)
at java.base/java.util.concurrent.ThreadPoolExecutor$Worker.run(ThreadPoolExecutor.java:635)
at java.base/java.lang.Thread.run(Thread.java:833)
]]>
            </full-stacktrace>
          </exception> <!-- org.openqa.selenium.TimeoutException -->
          <reporter-output>
          </reporter-output>
        </test-method> <!-- login -->
        <test-method is-config="true" signature="tearDown()[pri:0, instance:ui.tests.ecommerce.LoginTest@14f9390f]" started-at="2025-09-13T13:02:13 IST" name="tearDown" description="Tear Down the browser" finished-at="2025-09-13T13:02:13 IST" duration-ms="659" status="PASS">
          <reporter-output>
          </reporter-output>
        </test-method> <!-- tearDown -->
        <test-method is-config="true" signature="setup(java.lang.String,boolean,boolean,org.testng.ITestResult)[pri:0, instance:ui.tests.ecommerce.LoginTest@14f9390f]" started-at="2025-09-13T13:02:13 IST" name="setup" finished-at="2025-09-13T13:02:31 IST" duration-ms="17846" status="PASS">
          <params>
            <param index="0">
              <value>
                <![CDATA[chrome]]>
              </value>
            </param>
            <param index="1">
              <value>
                <![CDATA[true]]>
              </value>
            </param>
            <param index="2">
              <value>
                <![CDATA[false]]>
              </value>
            </param>
            <param index="3">
              <value>
                <![CDATA[[TestResult name={null} status=CREATED method=LoginTest.login(ui.pojo.ecommerce.User)[pri:0, instance:ui.tests.ecommerce.LoginTest@14f9390f] output={null}]]]>
              </value>
            </param>
          </params>
          <reporter-output>
          </reporter-output>
        </test-method> <!-- setup -->
        <test-method signature="login(ui.pojo.ecommerce.User)[pri:0, instance:ui.tests.ecommerce.LoginTest@14f9390f]" started-at="2025-09-13T13:02:31 IST" name="login" description="verfify login of users" data-provider="LoginTestDataProvider" finished-at="2025-09-13T13:02:37 IST" duration-ms="5331" status="PASS">
          <params>
            <param index="0">
              <value>
                <![CDATA[User [emailAddress=gojat62999@cronack.com, password=passpgpass]]]>
              </value>
            </param>
          </params>
          <reporter-output>
          </reporter-output>
        </test-method> <!-- login -->
        <test-method is-config="true" signature="tearDown()[pri:0, instance:ui.tests.ecommerce.LoginTest@14f9390f]" started-at="2025-09-13T13:02:37 IST" name="tearDown" description="Tear Down the browser" finished-at="2025-09-13T13:02:37 IST" duration-ms="717" status="PASS">
          <reporter-output>
          </reporter-output>
        </test-method> <!-- tearDown -->
        <test-method is-config="true" signature="setup(java.lang.String,boolean,boolean,org.testng.ITestResult)[pri:0, instance:ui.tests.ecommerce.LoginTest@14f9390f]" started-at="2025-09-13T13:02:37 IST" name="setup" finished-at="2025-09-13T13:03:29 IST" duration-ms="52108" status="PASS">
          <params>
            <param index="0">
              <value>
                <![CDATA[chrome]]>
              </value>
            </param>
            <param index="1">
              <value>
                <![CDATA[true]]>
              </value>
            </param>
            <param index="2">
              <value>
                <![CDATA[false]]>
              </value>
            </param>
            <param index="3">
              <value>
                <![CDATA[[TestResult name={null} status=CREATED method=LoginTest.login(ui.pojo.ecommerce.User)[pri:0, instance:ui.tests.ecommerce.LoginTest@14f9390f] output={null}]]]>
              </value>
            </param>
          </params>
          <reporter-output>
          </reporter-output>
        </test-method> <!-- setup -->
        <test-method retried="true" signature="login(ui.pojo.ecommerce.User)[pri:0, instance:ui.tests.ecommerce.LoginTest@14f9390f]" started-at="2025-09-13T13:03:29 IST" name="login" description="verfify login of users" data-provider="LoginTestDataProvider" finished-at="2025-09-13T13:03:35 IST" duration-ms="5297" status="SKIP">
          <params>
            <param index="0">
              <value>
                <![CDATA[User [emailAddress=bakomam596@skrak.com, password=password]]]>
              </value>
            </param>
          </params>
          <exception class="java.lang.AssertionError">
            <message>
              <![CDATA[expected [Adi boss] but found [Jatin Sharma]]]>
            </message>
            <full-stacktrace>
              <![CDATA[java.lang.AssertionError: expected [Adi boss] but found [Jatin Sharma]
at org.testng.Assert.fail(Assert.java:111)
at org.testng.Assert.failNotEquals(Assert.java:1578)
at org.testng.Assert.assertEqualsImpl(Assert.java:150)
at org.testng.Assert.assertEquals(Assert.java:132)
at org.testng.Assert.assertEquals(Assert.java:656)
at org.testng.Assert.assertEquals(Assert.java:666)
at ui.tests.ecommerce.LoginTest.login(LoginTest.java:15)
at java.base/jdk.internal.reflect.DirectMethodHandleAccessor.invoke(DirectMethodHandleAccessor.java:104)
at java.base/java.lang.reflect.Method.invoke(Method.java:577)
at org.testng.internal.invokers.MethodInvocationHelper.invokeMethod(MethodInvocationHelper.java:141)
at org.testng.internal.invokers.TestInvoker.invokeMethod(TestInvoker.java:686)
at org.testng.internal.invokers.TestInvoker.invokeTestMethod(TestInvoker.java:230)
at org.testng.internal.invokers.MethodRunner.runInSequence(MethodRunner.java:63)
at org.testng.internal.invokers.TestInvoker$MethodInvocationAgent.invoke(TestInvoker.java:992)
at org.testng.internal.invokers.TestInvoker.invokeTestMethods(TestInvoker.java:203)
at org.testng.internal.invokers.TestMethodWorker.invokeTestMethods(TestMethodWorker.java:154)
at org.testng.internal.invokers.TestMethodWorker.run(TestMethodWorker.java:134)
at java.base/java.util.concurrent.Executors$RunnableAdapter.call(Executors.java:539)
at java.base/java.util.concurrent.FutureTask.run(FutureTask.java:264)
at org.testng.internal.thread.graph.TestNGFutureTask.run(TestNGFutureTask.java:22)
at java.base/java.util.concurrent.ThreadPoolExecutor.runWorker(ThreadPoolExecutor.java:1136)
at java.base/java.util.concurrent.ThreadPoolExecutor$Worker.run(ThreadPoolExecutor.java:635)
at java.base/java.lang.Thread.run(Thread.java:833)
]]>
            </full-stacktrace>
          </exception> <!-- java.lang.AssertionError -->
          <reporter-output>
          </reporter-output>
        </test-method> <!-- login -->
        <test-method is-config="true" signature="tearDown()[pri:0, instance:ui.tests.ecommerce.LoginTest@14f9390f]" started-at="2025-09-13T13:03:35 IST" name="tearDown" description="Tear Down the browser" finished-at="2025-09-13T13:03:35 IST" duration-ms="687" status="PASS">
          <reporter-output>
          </reporter-output>
        </test-method> <!-- tearDown -->
        <test-method is-config="true" signature="setup(java.lang.String,boolean,boolean,org.testng.ITestResult)[pri:0, instance:ui.tests.ecommerce.LoginTest@14f9390f]" started-at="2025-09-13T13:03:35 IST" name="setup" finished-at="2025-09-13T13:03:52 IST" duration-ms="16546" status="PASS">
          <params>
            <param index="0">
              <value>
                <![CDATA[chrome]]>
              </value>
            </param>
            <param index="1">
              <value>
                <![CDATA[true]]>
              </value>
            </param>
            <param index="2">
              <value>
                <![CDATA[false]]>
              </value>
            </param>
            <param index="3">
              <value>
                <![CDATA[[TestResult name={null} status=CREATED method=LoginTest.login(ui.pojo.ecommerce.User)[pri:0, instance:ui.tests.ecommerce.LoginTest@14f9390f] output={null}]]]>
              </value>
            </param>
          </params>
          <reporter-output>
          </reporter-output>
        </test-method> <!-- setup -->
        <test-method signature="login(ui.pojo.ecommerce.User)[pri:0, instance:ui.tests.ecommerce.LoginTest@14f9390f]" started-at="2025-09-13T13:03:52 IST" name="login" description="verfify login of users" data-provider="LoginTestDataProvider" finished-at="2025-09-13T13:03:59 IST" duration-ms="7022" status="FAIL">
          <params>
            <param index="0">
              <value>
                <![CDATA[User [emailAddress=bakomam596@skrak.com, password=password]]]>
              </value>
            </param>
          </params>
          <exception class="java.lang.AssertionError">
            <message>
              <![CDATA[expected [Adi boss] but found [Jatin Sharma]]]>
            </message>
            <full-stacktrace>
              <![CDATA[java.lang.AssertionError: expected [Adi boss] but found [Jatin Sharma]
at org.testng.Assert.fail(Assert.java:111)
at org.testng.Assert.failNotEquals(Assert.java:1578)
at org.testng.Assert.assertEqualsImpl(Assert.java:150)
at org.testng.Assert.assertEquals(Assert.java:132)
at org.testng.Assert.assertEquals(Assert.java:656)
at org.testng.Assert.assertEquals(Assert.java:666)
at ui.tests.ecommerce.LoginTest.login(LoginTest.java:15)
at java.base/jdk.internal.reflect.DirectMethodHandleAccessor.invoke(DirectMethodHandleAccessor.java:104)
at java.base/java.lang.reflect.Method.invoke(Method.java:577)
at org.testng.internal.invokers.MethodInvocationHelper.invokeMethod(MethodInvocationHelper.java:141)
at org.testng.internal.invokers.TestInvoker.invokeMethod(TestInvoker.java:686)
at org.testng.internal.invokers.TestInvoker.retryFailed(TestInvoker.java:269)
at org.testng.internal.invokers.MethodRunner.runInSequence(MethodRunner.java:76)
at org.testng.internal.invokers.TestInvoker$MethodInvocationAgent.invoke(TestInvoker.java:992)
at org.testng.internal.invokers.TestInvoker.invokeTestMethods(TestInvoker.java:203)
at org.testng.internal.invokers.TestMethodWorker.invokeTestMethods(TestMethodWorker.java:154)
at org.testng.internal.invokers.TestMethodWorker.run(TestMethodWorker.java:134)
at java.base/java.util.concurrent.Executors$RunnableAdapter.call(Executors.java:539)
at java.base/java.util.concurrent.FutureTask.run(FutureTask.java:264)
at org.testng.internal.thread.graph.TestNGFutureTask.run(TestNGFutureTask.java:22)
at java.base/java.util.concurrent.ThreadPoolExecutor.runWorker(ThreadPoolExecutor.java:1136)
at java.base/java.util.concurrent.ThreadPoolExecutor$Worker.run(ThreadPoolExecutor.java:635)
at java.base/java.lang.Thread.run(Thread.java:833)
]]>
            </full-stacktrace>
          </exception> <!-- java.lang.AssertionError -->
          <reporter-output>
          </reporter-output>
        </test-method> <!-- login -->
        <test-method is-config="true" signature="tearDown()[pri:0, instance:ui.tests.ecommerce.LoginTest@14f9390f]" started-at="2025-09-13T13:04:00 IST" name="tearDown" description="Tear Down the browser" finished-at="2025-09-13T13:04:00 IST" duration-ms="678" status="PASS">
          <reporter-output>
          </reporter-output>
        </test-method> <!-- tearDown -->
      </class> <!-- ui.tests.ecommerce.LoginTest -->
    </test> <!-- UI Automation Test Ecommerce -->
  </suite> <!-- Automation Practice Test Suite -->
</testng-results>
